<?xml version="1.0" encoding="UTF-8"?>
<!-- Generated by org.testng.reporters.JUnitXMLReporter -->
<testsuite hostname="6343a23644e7" name="Surefire test" tests="3" failures="0" timestamp="23 Sep 2016 10:13:03 GMT" time="0.027" errors="0">
  <testcase name="canGet on canGet(marytts.language.fr.FrenchConfigTest)" time="0.004" classname="marytts.language.fr.FrenchConfigTest"/>
  <testcase name="hasFrenchLocale on hasFrenchLocale(marytts.language.fr.FrenchConfigTest)" time="0.001" classname="marytts.language.fr.FrenchConfigTest"/>
  <testcase name="isNotMainConfig on isNotMainConfig(marytts.language.fr.FrenchConfigTest)" time="0.001" classname="marytts.language.fr.FrenchConfigTest"/>
</testsuite> <!-- Surefire test -->
