<?xml version="1.0" encoding="UTF-8"?>
<!-- Generated by org.testng.reporters.JUnitXMLReporter -->
<testsuite hostname="6343a23644e7" name="Surefire test" tests="13" failures="0" timestamp="23 Sep 2016 10:13:01 GMT" time="0.014" errors="0">
  <testcase name="testNumbers" time="0.001" classname="marytts.language.it.PreprocessTest"/>
  <testcase name="testNumbers" time="0.0" classname="marytts.language.it.PreprocessTest"/>
  <testcase name="testNumbers" time="0.0" classname="marytts.language.it.PreprocessTest"/>
  <testcase name="testNumbers" time="0.0" classname="marytts.language.it.PreprocessTest"/>
  <testcase name="testNumbers" time="0.0" classname="marytts.language.it.PreprocessTest"/>
  <testcase name="testNumbers" time="0.001" classname="marytts.language.it.PreprocessTest"/>
  <testcase name="testNumbers" time="0.0" classname="marytts.language.it.PreprocessTest"/>
  <testcase name="testNumbers" time="0.0" classname="marytts.language.it.PreprocessTest"/>
  <testcase name="testNumbers" time="0.001" classname="marytts.language.it.PreprocessTest"/>
  <testcase name="testNumbers" time="0.0" classname="marytts.language.it.PreprocessTest"/>
  <testcase name="testNumbers" time="0.0" classname="marytts.language.it.PreprocessTest"/>
  <testcase name="testNumbers" time="0.001" classname="marytts.language.it.PreprocessTest"/>
  <testcase name="testNumbers" time="0.0" classname="marytts.language.it.PreprocessTest"/>
</testsuite> <!-- Surefire test -->
