<?xml version="1.0" encoding="UTF-8"?>
<testng-results skipped="0" failed="0" total="18" passed="18">
  <reporter-output>
  </reporter-output>
  <suite name="Surefire suite" duration-ms="59" started-at="2016-09-23T10:13:03Z" finished-at="2016-09-23T10:13:03Z">
    <groups>
    </groups>
    <test name="Surefire test" duration-ms="59" started-at="2016-09-23T10:13:03Z" finished-at="2016-09-23T10:13:03Z">
      <class name="marytts.language.fr.PreprocessTest">
        <test-method status="PASS" signature="setUpBeforeClass()[pri:0, instance:marytts.language.fr.PreprocessTest@2ed94a8b]" name="setUpBeforeClass" is-config="true" duration-ms="76" started-at="2016-09-23T10:13:03Z" finished-at="2016-09-23T10:13:03Z">
          <reporter-output>
          </reporter-output>
        </test-method> <!-- setUpBeforeClass -->
        <test-method status="PASS" signature="testExpandNum(java.lang.String, java.lang.String)[pri:0, instance:marytts.language.fr.PreprocessTest@2ed94a8b]" name="testExpandNum" duration-ms="10" started-at="2016-09-23T10:13:03Z" data-provider="NumExpandData" finished-at="2016-09-23T10:13:03Z">
          <params>
            <param index="0">
              <value>
                <![CDATA[1]]>
              </value>
            </param>
            <param index="1">
              <value>
                <![CDATA[un]]>
              </value>
            </param>
          </params>
          <reporter-output>
          </reporter-output>
        </test-method> <!-- testExpandNum -->
        <test-method status="PASS" signature="testExpandNum(java.lang.String, java.lang.String)[pri:0, instance:marytts.language.fr.PreprocessTest@2ed94a8b]" name="testExpandNum" duration-ms="0" started-at="2016-09-23T10:13:03Z" data-provider="NumExpandData" finished-at="2016-09-23T10:13:03Z">
          <params>
            <param index="0">
              <value>
                <![CDATA[2]]>
              </value>
            </param>
            <param index="1">
              <value>
                <![CDATA[deux]]>
              </value>
            </param>
          </params>
          <reporter-output>
          </reporter-output>
        </test-method> <!-- testExpandNum -->
        <test-method status="PASS" signature="testExpandNum(java.lang.String, java.lang.String)[pri:0, instance:marytts.language.fr.PreprocessTest@2ed94a8b]" name="testExpandNum" duration-ms="0" started-at="2016-09-23T10:13:03Z" data-provider="NumExpandData" finished-at="2016-09-23T10:13:03Z">
          <params>
            <param index="0">
              <value>
                <![CDATA[42]]>
              </value>
            </param>
            <param index="1">
              <value>
                <![CDATA[quarante-deux]]>
              </value>
            </param>
          </params>
          <reporter-output>
          </reporter-output>
        </test-method> <!-- testExpandNum -->
        <test-method status="PASS" signature="testExpandNum(java.lang.String, java.lang.String)[pri:0, instance:marytts.language.fr.PreprocessTest@2ed94a8b]" name="testExpandNum" duration-ms="0" started-at="2016-09-23T10:13:03Z" data-provider="NumExpandData" finished-at="2016-09-23T10:13:03Z">
          <params>
            <param index="0">
              <value>
                <![CDATA[3]]>
              </value>
            </param>
            <param index="1">
              <value>
                <![CDATA[trois]]>
              </value>
            </param>
          </params>
          <reporter-output>
          </reporter-output>
        </test-method> <!-- testExpandNum -->
        <test-method status="PASS" signature="testExpandNum(java.lang.String, java.lang.String)[pri:0, instance:marytts.language.fr.PreprocessTest@2ed94a8b]" name="testExpandNum" duration-ms="0" started-at="2016-09-23T10:13:03Z" data-provider="NumExpandData" finished-at="2016-09-23T10:13:03Z">
          <params>
            <param index="0">
              <value>
                <![CDATA[4]]>
              </value>
            </param>
            <param index="1">
              <value>
                <![CDATA[quatre]]>
              </value>
            </param>
          </params>
          <reporter-output>
          </reporter-output>
        </test-method> <!-- testExpandNum -->
        <test-method status="PASS" signature="testExpandOrdinal(java.lang.String, java.lang.String)[pri:0, instance:marytts.language.fr.PreprocessTest@2ed94a8b]" name="testExpandOrdinal" duration-ms="0" started-at="2016-09-23T10:13:03Z" data-provider="OrdinalExpandData" finished-at="2016-09-23T10:13:03Z">
          <params>
            <param index="0">
              <value>
                <![CDATA[3]]>
              </value>
            </param>
            <param index="1">
              <value>
                <![CDATA[troisième]]>
              </value>
            </param>
          </params>
          <reporter-output>
          </reporter-output>
        </test-method> <!-- testExpandOrdinal -->
        <test-method status="PASS" signature="testExpandOrdinal(java.lang.String, java.lang.String)[pri:0, instance:marytts.language.fr.PreprocessTest@2ed94a8b]" name="testExpandOrdinal" duration-ms="0" started-at="2016-09-23T10:13:03Z" data-provider="OrdinalExpandData" finished-at="2016-09-23T10:13:03Z">
          <params>
            <param index="0">
              <value>
                <![CDATA[4]]>
              </value>
            </param>
            <param index="1">
              <value>
                <![CDATA[quatrième]]>
              </value>
            </param>
          </params>
          <reporter-output>
          </reporter-output>
        </test-method> <!-- testExpandOrdinal -->
        <test-method status="PASS" signature="testExpandOrdinal(java.lang.String, java.lang.String)[pri:0, instance:marytts.language.fr.PreprocessTest@2ed94a8b]" name="testExpandOrdinal" duration-ms="0" started-at="2016-09-23T10:13:03Z" data-provider="OrdinalExpandData" finished-at="2016-09-23T10:13:03Z">
          <params>
            <param index="0">
              <value>
                <![CDATA[2]]>
              </value>
            </param>
            <param index="1">
              <value>
                <![CDATA[deuxième]]>
              </value>
            </param>
          </params>
          <reporter-output>
          </reporter-output>
        </test-method> <!-- testExpandOrdinal -->
        <test-method status="PASS" signature="testSpellout(java.lang.String, java.lang.String)[pri:0, instance:marytts.language.fr.PreprocessTest@2ed94a8b]" name="testSpellout" duration-ms="23" started-at="2016-09-23T10:13:03Z" data-provider="DocData" finished-at="2016-09-23T10:13:03Z">
          <params>
            <param index="0">
              <value>
                <![CDATA[1]]>
              </value>
            </param>
            <param index="1">
              <value>
                <![CDATA[un]]>
              </value>
            </param>
          </params>
          <reporter-output>
          </reporter-output>
        </test-method> <!-- testSpellout -->
        <test-method status="PASS" signature="testSpellout(java.lang.String, java.lang.String)[pri:0, instance:marytts.language.fr.PreprocessTest@2ed94a8b]" name="testSpellout" duration-ms="2" started-at="2016-09-23T10:13:03Z" data-provider="DocData" finished-at="2016-09-23T10:13:03Z">
          <params>
            <param index="0">
              <value>
                <![CDATA[2]]>
              </value>
            </param>
            <param index="1">
              <value>
                <![CDATA[deux]]>
              </value>
            </param>
          </params>
          <reporter-output>
          </reporter-output>
        </test-method> <!-- testSpellout -->
        <test-method status="PASS" signature="testSpellout(java.lang.String, java.lang.String)[pri:0, instance:marytts.language.fr.PreprocessTest@2ed94a8b]" name="testSpellout" duration-ms="2" started-at="2016-09-23T10:13:03Z" data-provider="DocData" finished-at="2016-09-23T10:13:03Z">
          <params>
            <param index="0">
              <value>
                <![CDATA[3]]>
              </value>
            </param>
            <param index="1">
              <value>
                <![CDATA[trois]]>
              </value>
            </param>
          </params>
          <reporter-output>
          </reporter-output>
        </test-method> <!-- testSpellout -->
        <test-method status="PASS" signature="testSpellout(java.lang.String, java.lang.String)[pri:0, instance:marytts.language.fr.PreprocessTest@2ed94a8b]" name="testSpellout" duration-ms="1" started-at="2016-09-23T10:13:03Z" data-provider="DocData" finished-at="2016-09-23T10:13:03Z">
          <params>
            <param index="0">
              <value>
                <![CDATA[4]]>
              </value>
            </param>
            <param index="1">
              <value>
                <![CDATA[quatre]]>
              </value>
            </param>
          </params>
          <reporter-output>
          </reporter-output>
        </test-method> <!-- testSpellout -->
        <test-method status="PASS" signature="testSpellout(java.lang.String, java.lang.String)[pri:0, instance:marytts.language.fr.PreprocessTest@2ed94a8b]" name="testSpellout" duration-ms="2" started-at="2016-09-23T10:13:03Z" data-provider="DocData" finished-at="2016-09-23T10:13:03Z">
          <params>
            <param index="0">
              <value>
                <![CDATA[42]]>
              </value>
            </param>
            <param index="1">
              <value>
                <![CDATA[quarante-deux]]>
              </value>
            </param>
          </params>
          <reporter-output>
          </reporter-output>
        </test-method> <!-- testSpellout -->
        <test-method status="PASS" signature="testSpellout(java.lang.String, java.lang.String)[pri:0, instance:marytts.language.fr.PreprocessTest@2ed94a8b]" name="testSpellout" duration-ms="2" started-at="2016-09-23T10:13:03Z" data-provider="DocData" finished-at="2016-09-23T10:13:03Z">
          <params>
            <param index="0">
              <value>
                <![CDATA[1er]]>
              </value>
            </param>
            <param index="1">
              <value>
                <![CDATA[premier]]>
              </value>
            </param>
          </params>
          <reporter-output>
          </reporter-output>
        </test-method> <!-- testSpellout -->
        <test-method status="PASS" signature="testSpellout(java.lang.String, java.lang.String)[pri:0, instance:marytts.language.fr.PreprocessTest@2ed94a8b]" name="testSpellout" duration-ms="1" started-at="2016-09-23T10:13:03Z" data-provider="DocData" finished-at="2016-09-23T10:13:03Z">
          <params>
            <param index="0">
              <value>
                <![CDATA[1re]]>
              </value>
            </param>
            <param index="1">
              <value>
                <![CDATA[première]]>
              </value>
            </param>
          </params>
          <reporter-output>
          </reporter-output>
        </test-method> <!-- testSpellout -->
        <test-method status="PASS" signature="testSpellout(java.lang.String, java.lang.String)[pri:0, instance:marytts.language.fr.PreprocessTest@2ed94a8b]" name="testSpellout" duration-ms="1" started-at="2016-09-23T10:13:03Z" data-provider="DocData" finished-at="2016-09-23T10:13:03Z">
          <params>
            <param index="0">
              <value>
                <![CDATA[2e]]>
              </value>
            </param>
            <param index="1">
              <value>
                <![CDATA[deuxième]]>
              </value>
            </param>
          </params>
          <reporter-output>
          </reporter-output>
        </test-method> <!-- testSpellout -->
        <test-method status="PASS" signature="testSpellout(java.lang.String, java.lang.String)[pri:0, instance:marytts.language.fr.PreprocessTest@2ed94a8b]" name="testSpellout" duration-ms="1" started-at="2016-09-23T10:13:03Z" data-provider="DocData" finished-at="2016-09-23T10:13:03Z">
          <params>
            <param index="0">
              <value>
                <![CDATA[3e]]>
              </value>
            </param>
            <param index="1">
              <value>
                <![CDATA[troisième]]>
              </value>
            </param>
          </params>
          <reporter-output>
          </reporter-output>
        </test-method> <!-- testSpellout -->
        <test-method status="PASS" signature="testSpellout(java.lang.String, java.lang.String)[pri:0, instance:marytts.language.fr.PreprocessTest@2ed94a8b]" name="testSpellout" duration-ms="1" started-at="2016-09-23T10:13:03Z" data-provider="DocData" finished-at="2016-09-23T10:13:03Z">
          <params>
            <param index="0">
              <value>
                <![CDATA[4e]]>
              </value>
            </param>
            <param index="1">
              <value>
                <![CDATA[quatrième]]>
              </value>
            </param>
          </params>
          <reporter-output>
          </reporter-output>
        </test-method> <!-- testSpellout -->
      </class> <!-- marytts.language.fr.PreprocessTest -->
    </test> <!-- Surefire test -->
  </suite> <!-- Surefire suite -->
</testng-results>
