<?xml version="1.0" encoding="UTF-8"?>
<!-- Generated by org.testng.reporters.JUnitXMLReporter -->
<testsuite hostname="6343a23644e7" name="Surefire test" tests="27" failures="0" timestamp="23 Sep 2016 10:13:06 GMT" time="0.381" errors="0">
  <testcase name="canGet" time="0.001" classname="marytts.language.lb.LuxembourgishConfigTest"/>
  <testcase name="hasLuxembourgishLocale" time="0.002" classname="marytts.language.lb.LuxembourgishConfigTest"/>
  <testcase name="isNotMainConfig" time="0.001" classname="marytts.language.lb.LuxembourgishConfigTest"/>
  <testcase name="testExpandCardinal" time="0.031" classname="marytts.language.lb.LuxembourgishPreprocessTest"/>
  <testcase name="testExpandCardinal" time="0.0" classname="marytts.language.lb.LuxembourgishPreprocessTest"/>
  <testcase name="testExpandCardinal" time="0.0" classname="marytts.language.lb.LuxembourgishPreprocessTest"/>
  <testcase name="testExpandCardinal" time="0.0" classname="marytts.language.lb.LuxembourgishPreprocessTest"/>
  <testcase name="testExpandCardinal" time="0.0" classname="marytts.language.lb.LuxembourgishPreprocessTest"/>
  <testcase name="testExpandCardinal" time="0.0" classname="marytts.language.lb.LuxembourgishPreprocessTest"/>
  <testcase name="testExpandCardinal" time="0.0" classname="marytts.language.lb.LuxembourgishPreprocessTest"/>
  <testcase name="testExpandCardinal" time="0.0" classname="marytts.language.lb.LuxembourgishPreprocessTest"/>
  <testcase name="testProcess" time="0.179" classname="marytts.language.lb.LuxembourgishPreprocessTest"/>
  <testcase name="testProcess" time="0.011" classname="marytts.language.lb.LuxembourgishPreprocessTest"/>
  <testcase name="testProcess" time="0.008" classname="marytts.language.lb.LuxembourgishPreprocessTest"/>
  <testcase name="testProcess" time="0.008" classname="marytts.language.lb.LuxembourgishPreprocessTest"/>
  <testcase name="testProcess" time="0.007" classname="marytts.language.lb.LuxembourgishPreprocessTest"/>
  <testcase name="testProcess" time="0.008" classname="marytts.language.lb.LuxembourgishPreprocessTest"/>
  <testcase name="testProcess" time="0.007" classname="marytts.language.lb.LuxembourgishPreprocessTest"/>
  <testcase name="testProcess" time="0.009" classname="marytts.language.lb.LuxembourgishPreprocessTest"/>
  <testcase name="testProcess" time="0.008" classname="marytts.language.lb.LuxembourgishPreprocessTest"/>
  <testcase name="testProcess" time="0.006" classname="marytts.language.lb.LuxembourgishPreprocessTest"/>
  <testcase name="testProcess" time="0.007" classname="marytts.language.lb.LuxembourgishPreprocessTest"/>
  <testcase name="testProcess" time="0.019" classname="marytts.language.lb.LuxembourgishPhonemiserTest"/>
  <testcase name="testProcess" time="0.007" classname="marytts.language.lb.LuxembourgishPhonemiserTest"/>
  <testcase name="testProcess" time="0.007" classname="marytts.language.lb.LuxembourgishPhonemiserTest"/>
  <testcase name="testProcess" time="0.007" classname="marytts.language.lb.LuxembourgishPhonemiserTest"/>
  <testcase name="testProcess" time="0.008" classname="marytts.language.lb.LuxembourgishPhonemiserTest"/>
</testsuite> <!-- Surefire test -->
