<?xml version="1.0" encoding="UTF-8"?>
<!-- Generated by org.testng.reporters.JUnitXMLReporter -->
<testsuite hostname="6343a23644e7" name="Surefire test" tests="27" failures="0" timestamp="23 Sep 2016 09:05:23 GMT" time="0.394" errors="0">
  <testcase name="canGet" time="0.001" classname="marytts.language.lb.LuxembourgishConfigTest"/>
  <testcase name="hasLuxembourgishLocale" time="0.001" classname="marytts.language.lb.LuxembourgishConfigTest"/>
  <testcase name="isNotMainConfig" time="0.001" classname="marytts.language.lb.LuxembourgishConfigTest"/>
  <testcase name="testExpandCardinal" time="0.025" classname="marytts.language.lb.LuxembourgishPreprocessTest"/>
  <testcase name="testExpandCardinal" time="0.0" classname="marytts.language.lb.LuxembourgishPreprocessTest"/>
  <testcase name="testExpandCardinal" time="0.0" classname="marytts.language.lb.LuxembourgishPreprocessTest"/>
  <testcase name="testExpandCardinal" time="0.001" classname="marytts.language.lb.LuxembourgishPreprocessTest"/>
  <testcase name="testExpandCardinal" time="0.0" classname="marytts.language.lb.LuxembourgishPreprocessTest"/>
  <testcase name="testExpandCardinal" time="0.0" classname="marytts.language.lb.LuxembourgishPreprocessTest"/>
  <testcase name="testExpandCardinal" time="0.0" classname="marytts.language.lb.LuxembourgishPreprocessTest"/>
  <testcase name="testExpandCardinal" time="0.0" classname="marytts.language.lb.LuxembourgishPreprocessTest"/>
  <testcase name="testProcess" time="0.196" classname="marytts.language.lb.LuxembourgishPreprocessTest"/>
  <testcase name="testProcess" time="0.011" classname="marytts.language.lb.LuxembourgishPreprocessTest"/>
  <testcase name="testProcess" time="0.008" classname="marytts.language.lb.LuxembourgishPreprocessTest"/>
  <testcase name="testProcess" time="0.008" classname="marytts.language.lb.LuxembourgishPreprocessTest"/>
  <testcase name="testProcess" time="0.008" classname="marytts.language.lb.LuxembourgishPreprocessTest"/>
  <testcase name="testProcess" time="0.01" classname="marytts.language.lb.LuxembourgishPreprocessTest"/>
  <testcase name="testProcess" time="0.008" classname="marytts.language.lb.LuxembourgishPreprocessTest"/>
  <testcase name="testProcess" time="0.01" classname="marytts.language.lb.LuxembourgishPreprocessTest"/>
  <testcase name="testProcess" time="0.008" classname="marytts.language.lb.LuxembourgishPreprocessTest"/>
  <testcase name="testProcess" time="0.007" classname="marytts.language.lb.LuxembourgishPreprocessTest"/>
  <testcase name="testProcess" time="0.006" classname="marytts.language.lb.LuxembourgishPreprocessTest"/>
  <testcase name="testProcess" time="0.02" classname="marytts.language.lb.LuxembourgishPhonemiserTest"/>
  <testcase name="testProcess" time="0.007" classname="marytts.language.lb.LuxembourgishPhonemiserTest"/>
  <testcase name="testProcess" time="0.007" classname="marytts.language.lb.LuxembourgishPhonemiserTest"/>
  <testcase name="testProcess" time="0.007" classname="marytts.language.lb.LuxembourgishPhonemiserTest"/>
  <testcase name="testProcess" time="0.008" classname="marytts.language.lb.LuxembourgishPhonemiserTest"/>
</testsuite> <!-- Surefire test -->
