<?xml version="1.0" encoding="UTF-8"?>
<!-- Generated by org.testng.reporters.JUnitXMLReporter -->
<testsuite hostname="6343a23644e7" name="Surefire test" tests="6" failures="0" timestamp="23 Sep 2016 10:13:02 GMT" time="0.478" errors="0">
  <testcase name="testIsPosPunctuation on testIsPosPunctuation(marytts.language.it.JPhonemiserIT)" time="0.002" classname="marytts.language.it.JPhonemiserIT"/>
  <testcase name="testDots1 on testDots1(marytts.language.it.JTokeniserIT)" time="0.002" classname="marytts.language.it.JTokeniserIT"/>
  <testcase name="testDots2 on testDots2(marytts.language.it.JTokeniserIT)" time="0.001" classname="marytts.language.it.JTokeniserIT"/>
  <testcase name="testDots3 on testDots3(marytts.language.it.JTokeniserIT)" time="0.002" classname="marytts.language.it.JTokeniserIT"/>
  <testcase name="testQuest on testQuest(marytts.language.it.JTokeniserIT)" time="0.001" classname="marytts.language.it.JTokeniserIT"/>
  <testcase name="testExclam on testExclam(marytts.language.it.JTokeniserIT)" time="0.001" classname="marytts.language.it.JTokeniserIT"/>
</testsuite> <!-- Surefire test -->
