<?xml version="1.0" encoding="UTF-8"?>
<!-- Generated by org.testng.reporters.JUnitXMLReporter -->
<testsuite hostname="6343a23644e7" name="Surefire test" tests="3" failures="0" timestamp="23 Sep 2016 10:13:01 GMT" time="0.039" errors="0">
  <testcase name="hasItalianLocale on hasItalianLocale(marytts.language.it.ItalianConfigTest)" time="0.005" classname="marytts.language.it.ItalianConfigTest"/>
  <testcase name="canGet on canGet(marytts.language.it.ItalianConfigTest)" time="0.003" classname="marytts.language.it.ItalianConfigTest"/>
  <testcase name="isNotMainConfig on isNotMainConfig(marytts.language.it.ItalianConfigTest)" time="0.001" classname="marytts.language.it.ItalianConfigTest"/>
</testsuite> <!-- Surefire test -->
