<?xml version="1.0" encoding="UTF-8"?>
<!-- Generated by org.testng.reporters.JUnitXMLReporter -->
<testsuite hostname="6343a23644e7" name="Surefire test" tests="18" failures="0" timestamp="23 Sep 2016 09:05:20 GMT" time="0.062" errors="0">
  <testcase name="testExpandNum" time="0.01" classname="marytts.language.fr.PreprocessTest"/>
  <testcase name="testExpandNum" time="0.0" classname="marytts.language.fr.PreprocessTest"/>
  <testcase name="testExpandNum" time="0.0" classname="marytts.language.fr.PreprocessTest"/>
  <testcase name="testExpandNum" time="0.0" classname="marytts.language.fr.PreprocessTest"/>
  <testcase name="testExpandNum" time="0.0" classname="marytts.language.fr.PreprocessTest"/>
  <testcase name="testExpandOrdinal" time="0.0" classname="marytts.language.fr.PreprocessTest"/>
  <testcase name="testExpandOrdinal" time="0.0" classname="marytts.language.fr.PreprocessTest"/>
  <testcase name="testExpandOrdinal" time="0.0" classname="marytts.language.fr.PreprocessTest"/>
  <testcase name="testSpellout" time="0.024" classname="marytts.language.fr.PreprocessTest"/>
  <testcase name="testSpellout" time="0.002" classname="marytts.language.fr.PreprocessTest"/>
  <testcase name="testSpellout" time="0.002" classname="marytts.language.fr.PreprocessTest"/>
  <testcase name="testSpellout" time="0.002" classname="marytts.language.fr.PreprocessTest"/>
  <testcase name="testSpellout" time="0.001" classname="marytts.language.fr.PreprocessTest"/>
  <testcase name="testSpellout" time="0.003" classname="marytts.language.fr.PreprocessTest"/>
  <testcase name="testSpellout" time="0.002" classname="marytts.language.fr.PreprocessTest"/>
  <testcase name="testSpellout" time="0.001" classname="marytts.language.fr.PreprocessTest"/>
  <testcase name="testSpellout" time="0.001" classname="marytts.language.fr.PreprocessTest"/>
  <testcase name="testSpellout" time="0.001" classname="marytts.language.fr.PreprocessTest"/>
</testsuite> <!-- Surefire test -->
