<?xml version="1.0" encoding="UTF-8"?>
<!-- Generated by org.testng.reporters.JUnitXMLReporter -->
<testsuite hostname="6343a23644e7" name="Surefire test" tests="67" failures="0" timestamp="23 Sep 2016 10:12:43 GMT" time="0.072" errors="0">
  <testcase name="testGetInvalidAllophone" time="0.001" classname="marytts.modules.phonemiser.AllophoneSetTest"/>
  <testcase name="testLegacySyllabify" time="0.006" classname="marytts.modules.phonemiser.AllophoneSetTest"/>
  <testcase name="testLegacySyllabify" time="0.0" classname="marytts.modules.phonemiser.AllophoneSetTest"/>
  <testcase name="testLegacySyllabify" time="0.001" classname="marytts.modules.phonemiser.AllophoneSetTest"/>
  <testcase name="testLegacySyllabify" time="0.0" classname="marytts.modules.phonemiser.AllophoneSetTest"/>
  <testcase name="testLegacySyllabify" time="0.001" classname="marytts.modules.phonemiser.AllophoneSetTest"/>
  <testcase name="testLegacySyllabify" time="0.0" classname="marytts.modules.phonemiser.AllophoneSetTest"/>
  <testcase name="testLegacySyllabify" time="0.001" classname="marytts.modules.phonemiser.AllophoneSetTest"/>
  <testcase name="testLegacySyllabify" time="0.0" classname="marytts.modules.phonemiser.AllophoneSetTest"/>
  <testcase name="testLegacySyllabify" time="0.0" classname="marytts.modules.phonemiser.AllophoneSetTest"/>
  <testcase name="testLegacySyllabify" time="0.0" classname="marytts.modules.phonemiser.AllophoneSetTest"/>
  <testcase name="testLegacySyllabifyWithoutNucleus" time="0.0" classname="marytts.modules.phonemiser.AllophoneSetTest"/>
  <testcase name="testLoadOnceReuse" time="0.0" classname="marytts.modules.phonemiser.AllophoneSetTest"/>
  <testcase name="testLoadedIsAvailable" time="0.0" classname="marytts.modules.phonemiser.AllophoneSetTest"/>
  <testcase name="testSplitAllophoneString" time="0.0" classname="marytts.modules.phonemiser.AllophoneSetTest"/>
  <testcase name="testSplitAllophoneString" time="0.0" classname="marytts.modules.phonemiser.AllophoneSetTest"/>
  <testcase name="testSplitAllophoneString" time="0.0" classname="marytts.modules.phonemiser.AllophoneSetTest"/>
  <testcase name="testSplitAllophoneString" time="0.0" classname="marytts.modules.phonemiser.AllophoneSetTest"/>
  <testcase name="testSplitAllophoneString" time="0.0" classname="marytts.modules.phonemiser.AllophoneSetTest"/>
  <testcase name="testSplitAllophoneString" time="0.0" classname="marytts.modules.phonemiser.AllophoneSetTest"/>
  <testcase name="testSplitAllophoneString" time="0.0" classname="marytts.modules.phonemiser.AllophoneSetTest"/>
  <testcase name="testSplitAllophoneString" time="0.001" classname="marytts.modules.phonemiser.AllophoneSetTest"/>
  <testcase name="testSplitAllophoneString" time="0.0" classname="marytts.modules.phonemiser.AllophoneSetTest"/>
  <testcase name="testSplitIntoAllophoneList" time="0.0" classname="marytts.modules.phonemiser.AllophoneSetTest"/>
  <testcase name="testSplitIntoAllophoneList" time="0.0" classname="marytts.modules.phonemiser.AllophoneSetTest"/>
  <testcase name="testSplitIntoAllophoneList" time="0.001" classname="marytts.modules.phonemiser.AllophoneSetTest"/>
  <testcase name="testSplitIntoAllophoneList" time="0.0" classname="marytts.modules.phonemiser.AllophoneSetTest"/>
  <testcase name="testSplitIntoAllophoneList" time="0.0" classname="marytts.modules.phonemiser.AllophoneSetTest"/>
  <testcase name="testSplitIntoAllophoneList" time="0.0" classname="marytts.modules.phonemiser.AllophoneSetTest"/>
  <testcase name="testSplitIntoAllophoneList" time="0.0" classname="marytts.modules.phonemiser.AllophoneSetTest"/>
  <testcase name="testSplitIntoAllophoneList" time="0.0" classname="marytts.modules.phonemiser.AllophoneSetTest"/>
  <testcase name="testSplitIntoAllophoneList" time="0.0" classname="marytts.modules.phonemiser.AllophoneSetTest"/>
  <testcase name="testSplitIntoAllophoneListWithInvalidInput" time="0.0" classname="marytts.modules.phonemiser.AllophoneSetTest"/>
  <testcase name="testSplitIntoAllophones" time="0.0" classname="marytts.modules.phonemiser.AllophoneSetTest"/>
  <testcase name="testSplitIntoAllophones" time="0.0" classname="marytts.modules.phonemiser.AllophoneSetTest"/>
  <testcase name="testSplitIntoAllophones" time="0.0" classname="marytts.modules.phonemiser.AllophoneSetTest"/>
  <testcase name="testSplitIntoAllophones" time="0.0" classname="marytts.modules.phonemiser.AllophoneSetTest"/>
  <testcase name="testSplitIntoAllophones" time="0.0" classname="marytts.modules.phonemiser.AllophoneSetTest"/>
  <testcase name="testSplitIntoAllophones" time="0.0" classname="marytts.modules.phonemiser.AllophoneSetTest"/>
  <testcase name="testSplitIntoAllophones" time="0.001" classname="marytts.modules.phonemiser.AllophoneSetTest"/>
  <testcase name="testSplitIntoAllophones" time="0.0" classname="marytts.modules.phonemiser.AllophoneSetTest"/>
  <testcase name="testSplitIntoAllophones" time="0.0" classname="marytts.modules.phonemiser.AllophoneSetTest"/>
  <testcase name="testSyllabify" time="0.0" classname="marytts.modules.phonemiser.AllophoneSetTest"/>
  <testcase name="testSyllabify" time="0.001" classname="marytts.modules.phonemiser.AllophoneSetTest"/>
  <testcase name="testSyllabify" time="0.0" classname="marytts.modules.phonemiser.AllophoneSetTest"/>
  <testcase name="testSyllabify" time="0.0" classname="marytts.modules.phonemiser.AllophoneSetTest"/>
  <testcase name="testSyllabify" time="0.0" classname="marytts.modules.phonemiser.AllophoneSetTest"/>
  <testcase name="testSyllabify" time="0.001" classname="marytts.modules.phonemiser.AllophoneSetTest"/>
  <testcase name="testSyllabify" time="0.0" classname="marytts.modules.phonemiser.AllophoneSetTest"/>
  <testcase name="testSyllabify" time="0.0" classname="marytts.modules.phonemiser.AllophoneSetTest"/>
  <testcase name="testSyllabify" time="0.0" classname="marytts.modules.phonemiser.AllophoneSetTest"/>
  <testcase name="testSyllabify" time="0.0" classname="marytts.modules.phonemiser.AllophoneSetTest"/>
  <testcase name="testSyllabify" time="0.0" classname="marytts.modules.phonemiser.AllophoneSetTest"/>
  <testcase name="testSyllabify" time="0.0" classname="marytts.modules.phonemiser.AllophoneSetTest"/>
  <testcase name="testSyllabify" time="0.0" classname="marytts.modules.phonemiser.AllophoneSetTest"/>
  <testcase name="testSyllabify" time="0.001" classname="marytts.modules.phonemiser.AllophoneSetTest"/>
  <testcase name="testSyllabify" time="0.0" classname="marytts.modules.phonemiser.AllophoneSetTest"/>
  <testcase name="testSyllabify" time="0.001" classname="marytts.modules.phonemiser.AllophoneSetTest"/>
  <testcase name="testSyllabify" time="0.0" classname="marytts.modules.phonemiser.AllophoneSetTest"/>
  <testcase name="testSyllabify" time="0.0" classname="marytts.modules.phonemiser.AllophoneSetTest"/>
  <testcase name="testSyllabify" time="0.0" classname="marytts.modules.phonemiser.AllophoneSetTest"/>
  <testcase name="testSyllabify" time="0.001" classname="marytts.modules.phonemiser.AllophoneSetTest"/>
  <testcase name="testSyllabify" time="0.0" classname="marytts.modules.phonemiser.AllophoneSetTest"/>
  <testcase name="testSyllabify" time="0.0" classname="marytts.modules.phonemiser.AllophoneSetTest"/>
  <testcase name="testSyllabifyWithEmptyInput" time="0.001" classname="marytts.modules.phonemiser.AllophoneSetTest"/>
  <testcase name="testSyllabifyWithoutNucleus" time="0.0" classname="marytts.modules.phonemiser.AllophoneSetTest"/>
  <testcase name="testUnloadedIsUnavailable" time="0.0" classname="marytts.modules.phonemiser.AllophoneSetTest"/>
</testsuite> <!-- Surefire test -->
