<?xml version="1.0" encoding="UTF-8"?>
<testng-results skipped="0" failed="0" total="5" passed="5">
  <reporter-output>
  </reporter-output>
  <suite name="Surefire suite" duration-ms="21" started-at="2016-09-23T09:05:24Z" finished-at="2016-09-23T09:05:24Z">
    <groups>
    </groups>
    <test name="Surefire test" duration-ms="21" started-at="2016-09-23T09:05:24Z" finished-at="2016-09-23T09:05:24Z">
      <class name="marytts.language.lb.JTokeniserIT">
        <test-method status="PASS" signature="testDots1()[pri:0, instance:marytts.language.lb.JTokeniserIT@5b800468]" name="testDots1" duration-ms="5" started-at="2016-09-23T09:05:24Z" finished-at="2016-09-23T09:05:24Z">
          <reporter-output>
          </reporter-output>
        </test-method> <!-- testDots1 -->
        <test-method status="PASS" signature="testDots2()[pri:0, instance:marytts.language.lb.JTokeniserIT@5b800468]" name="testDots2" duration-ms="1" started-at="2016-09-23T09:05:24Z" finished-at="2016-09-23T09:05:24Z">
          <reporter-output>
          </reporter-output>
        </test-method> <!-- testDots2 -->
        <test-method status="PASS" signature="testDots3()[pri:0, instance:marytts.language.lb.JTokeniserIT@5b800468]" name="testDots3" duration-ms="1" started-at="2016-09-23T09:05:24Z" finished-at="2016-09-23T09:05:24Z">
          <reporter-output>
          </reporter-output>
        </test-method> <!-- testDots3 -->
        <test-method status="PASS" signature="testExclam()[pri:0, instance:marytts.language.lb.JTokeniserIT@5b800468]" name="testExclam" duration-ms="2" started-at="2016-09-23T09:05:24Z" finished-at="2016-09-23T09:05:24Z">
          <reporter-output>
          </reporter-output>
        </test-method> <!-- testExclam -->
        <test-method status="PASS" signature="testQuest()[pri:0, instance:marytts.language.lb.JTokeniserIT@5b800468]" name="testQuest" duration-ms="1" started-at="2016-09-23T09:05:24Z" finished-at="2016-09-23T09:05:24Z">
          <reporter-output>
          </reporter-output>
        </test-method> <!-- testQuest -->
      </class> <!-- marytts.language.lb.JTokeniserIT -->
    </test> <!-- Surefire test -->
  </suite> <!-- Surefire suite -->
</testng-results>
