<?xml version="1.0" encoding="UTF-8"?>
<!-- Generated by org.testng.reporters.JUnitXMLReporter -->
<testsuite hostname="6343a23644e7" name="Surefire test" tests="20" failures="0" timestamp="23 Sep 2016 09:05:15 GMT" time="1.387" errors="0">
  <testcase name="convertTextToAcoustparams on convertTextToAcoustparams(marytts.language.en.MaryInterfaceEnIT)" time="0.954" classname="marytts.language.en.MaryInterfaceEnIT"/>
  <testcase name="convertTextToPhonemes on convertTextToPhonemes(marytts.language.en.MaryInterfaceEnIT)" time="0.006" classname="marytts.language.en.MaryInterfaceEnIT"/>
  <testcase name="convertTextToTargetfeatures on convertTextToTargetfeatures(marytts.language.en.MaryInterfaceEnIT)" time="0.009" classname="marytts.language.en.MaryInterfaceEnIT"/>
  <testcase name="canSelectTargetfeatures on canSelectTargetfeatures(marytts.language.en.MaryInterfaceEnIT)" time="0.004" classname="marytts.language.en.MaryInterfaceEnIT"/>
  <testcase name="posExample2 on posExample2(marytts.language.en.OpenNLPPosTaggerIT)" time="0.363" classname="marytts.language.en.OpenNLPPosTaggerIT"/>
  <testcase name="testMaybePronounceable on testMaybePronounceable(marytts.language.en.JPhonemiserIT)" time="0.0" classname="marytts.language.en.JPhonemiserIT"/>
  <testcase name="testIsPosPunctuation on testIsPosPunctuation(marytts.language.en.JPhonemiserIT)" time="0.0" classname="marytts.language.en.JPhonemiserIT"/>
  <testcase name="testDots1 on testDots1(marytts.language.en.JTokeniserIT)" time="0.001" classname="marytts.language.en.JTokeniserIT"/>
  <testcase name="testDots2 on testDots2(marytts.language.en.JTokeniserIT)" time="0.001" classname="marytts.language.en.JTokeniserIT"/>
  <testcase name="testDots3 on testDots3(marytts.language.en.JTokeniserIT)" time="0.001" classname="marytts.language.en.JTokeniserIT"/>
  <testcase name="testQuest on testQuest(marytts.language.en.JTokeniserIT)" time="0.0" classname="marytts.language.en.JTokeniserIT"/>
  <testcase name="testExclam on testExclam(marytts.language.en.JTokeniserIT)" time="0.001" classname="marytts.language.en.JTokeniserIT"/>
  <testcase name="haveAcoustparams on haveAcoustparams(marytts.features.FeatureProcessorIT)" time="0.0" classname="marytts.features.FeatureProcessorIT"/>
  <testcase name="targetHasMatchingXML on targetHasMatchingXML(marytts.features.FeatureProcessorIT)" time="0.0" classname="marytts.features.FeatureProcessorIT"/>
  <testcase name="phone on phone(marytts.features.FeatureProcessorIT)" time="0.0" classname="marytts.features.FeatureProcessorIT"/>
  <testcase name="sameNumberOfTargetsAndSegments on sameNumberOfTargetsAndSegments(marytts.features.FeatureProcessorIT)" time="0.0" classname="marytts.features.FeatureProcessorIT"/>
  <testcase name="syllableNavigators on syllableNavigators(marytts.features.FeatureProcessorIT)" time="0.001" classname="marytts.features.FeatureProcessorIT"/>
  <testcase name="segmentNavigators on segmentNavigators(marytts.features.FeatureProcessorIT)" time="0.0" classname="marytts.features.FeatureProcessorIT"/>
  <testcase name="haveTargets on haveTargets(marytts.features.FeatureProcessorIT)" time="0.0" classname="marytts.features.FeatureProcessorIT"/>
  <testcase name="otherNavigators on otherNavigators(marytts.features.FeatureProcessorIT)" time="0.001" classname="marytts.features.FeatureProcessorIT"/>
</testsuite> <!-- Surefire test -->
