<?xml version="1.0" encoding="UTF-8"?>
<!-- Generated by org.testng.reporters.JUnitXMLReporter -->
<testsuite hostname="6343a23644e7" name="Surefire test" tests="6" failures="0" timestamp="23 Sep 2016 10:12:56 GMT" time="0.025" errors="0">
  <testcase name="canGet on canGet(marytts.language.en.EnglishConfigTest)" time="0.001" classname="marytts.language.en.EnglishConfigTest"/>
  <testcase name="haveLanguageConfig2 on haveLanguageConfig2(marytts.language.en.EnglishConfigTest)" time="0.0" classname="marytts.language.en.EnglishConfigTest"/>
  <testcase name="hasAllophoneSet on hasAllophoneSet(marytts.language.en.EnglishConfigTest)" time="0.001" classname="marytts.language.en.EnglishConfigTest"/>
  <testcase name="hasEnglishLocale on hasEnglishLocale(marytts.language.en.EnglishConfigTest)" time="0.001" classname="marytts.language.en.EnglishConfigTest"/>
  <testcase name="isNotMainConfig on isNotMainConfig(marytts.language.en.EnglishConfigTest)" time="0.0" classname="marytts.language.en.EnglishConfigTest"/>
  <testcase name="haveLanguageConfig on haveLanguageConfig(marytts.language.en.EnglishConfigTest)" time="0.0" classname="marytts.language.en.EnglishConfigTest"/>
</testsuite> <!-- Surefire test -->
